Calculating task graph as no cached configuration is available for tasks: :app:compilePlaystoreDebugJavaWithJavac
GRADLE: Private API Core detected. Using Real Implementation.
> Task :app:preBuild UP-TO-DATE
> Task :api:preBuild UP-TO-DATE
> Task :app:prePlaystoreDebugBuild UP-TO-DATE
> Task :api:preDebugBuild UP-TO-DATE
> Task :api:generateDebugResValues UP-TO-DATE
> Task :app:injectCrashlyticsMappingFileIdPlaystoreDebug UP-TO-DATE
> Task :app:injectCrashlyticsVersionControlInfoPlaystoreDebug UP-TO-DATE
> Task :api:processDebugNavigationResources UP-TO-DATE
> Task :api:javaPreCompileDebug UP-TO-DATE
> Task :api:generateDebugResources UP-TO-DATE
> Task :app:javaPreCompilePlaystoreDebug UP-TO-DATE
> Task :app:generatePlaystoreDebugBuildConfig UP-TO-DATE
> Task :api:writeDebugAarMetadata UP-TO-DATE
> Task :app:generatePlaystoreDebugResValues UP-TO-DATE
> Task :app:processPlaystoreDebugGoogleServices UP-TO-DATE
> Task :app:generatePlaystoreDebugResources UP-TO-DATE
> Task :api:packageDebugResources UP-TO-DATE
> Task :api:compileDebugLibraryResources UP-TO-DATE
> Task :api:parseDebugLocalResources UP-TO-DATE
> Task :api:generateDebugRFile UP-TO-DATE
> Task :api:compileDebugJavaWithJavac UP-TO-DATE
> Task :api:bundleLibCompileToJarDebug UP-TO-DATE
> Task :app:processPlaystoreDebugNavigationResources UP-TO-DATE
> Task :app:compilePlaystoreDebugNavigationResources UP-TO-DATE
> Task :app:mapPlaystoreDebugSourceSetPaths UP-TO-DATE
> Task :app:checkPlaystoreDebugAarMetadata UP-TO-DATE
> Task :app:createPlaystoreDebugCompatibleScreenManifests UP-TO-DATE
> Task :api:extractDeepLinksDebug UP-TO-DATE
> Task :app:extractDeepLinksPlaystoreDebug UP-TO-DATE
> Task :api:processDebugManifest UP-TO-DATE
> Task :app:packagePlaystoreDebugResources UP-TO-DATE
> Task :app:parsePlaystoreDebugLocalResources UP-TO-DATE
> Task :app:processPlaystoreDebugMainManifest UP-TO-DATE
> Task :app:processPlaystoreDebugManifest UP-TO-DATE
> Task :app:processPlaystoreDebugManifestForPackage UP-TO-DATE

> Task :app:mergePlaystoreDebugResources
/app/studio-android/LightNovelLibrary/app/src/main/res/values/strings.xml:230:4: Multiple substitutions specified in non-positional format of string resource string/about_version_template. Did you mean to add the formatted="false" attribute?
/app/studio-android/LightNovelLibrary/app/src/main/res/values-zh-rHK/strings.xml:210:4: Multiple substitutions specified in non-positional format of string resource string/about_version_template. Did you mean to add the formatted="false" attribute?
/app/studio-android/LightNovelLibrary/app/src/main/res/values-zh-rHK/strings.xml:236:4: Multiple substitutions specified in non-positional format of string resource string/system_save_migrated. Did you mean to add the formatted="false" attribute?
/app/studio-android/LightNovelLibrary/app/src/main/res/values/strings.xml:249:4: Multiple substitutions specified in non-positional format of string resource string/system_save_migrated. Did you mean to add the formatted="false" attribute?
/app/studio-android/LightNovelLibrary/app/src/main/res/values-zh-rTW/strings.xml:210:4: Multiple substitutions specified in non-positional format of string resource string/about_version_template. Did you mean to add the formatted="false" attribute?
/app/studio-android/LightNovelLibrary/app/src/main/res/values-zh-rTW/strings.xml:236:4: Multiple substitutions specified in non-positional format of string resource string/system_save_migrated. Did you mean to add the formatted="false" attribute?

> Task :app:processPlaystoreDebugResources

> Task :app:compilePlaystoreDebugJavaWithJavac
Note: Some input files use or override a deprecated API.
Note: Recompile with -Xlint:deprecation for details.
Note: Some input files use unchecked or unsafe operations.
Note: Recompile with -Xlint:unchecked for details.

[Incubating] Problems report is available at: file:///app/studio-android/LightNovelLibrary/build/reports/problems/problems-report.html

Deprecated Gradle features were used in this build, making it incompatible with Gradle 9.0.

You can use '--warning-mode all' to show the individual deprecation warnings and determine if they come from your own scripts or plugins.

For more on this, please refer to https://docs.gradle.org/8.13/userguide/command_line_interface.html#sec:command_line_warnings in the Gradle documentation.

BUILD SUCCESSFUL in 7s
34 actionable tasks: 3 executed, 31 up-to-date
Configuration cache entry stored.
